<component name="libraryTable">
  <library name="junit-4.10">
    <CLASSES>
      <root url="jar://$PROJECT_DIR$/libraries/junit-4.10.jar!/" />
      <root url="jar://$PROJECT_DIR$/libraries/jsoup-1.11.3.jar!/" />
    </CLASSES>
    <JAVADOC />
    <SOURCES />
  </library>
</component>